<?xml version="1.0" encoding="UTF-8"?>
<testng-results ignored="0" total="2" passed="2" failed="0" skipped="0">
  <reporter-output>
  </reporter-output>
  <suite started-at="2023-01-25T05:35:38 IST" name="Default suite" finished-at="2023-01-25T05:35:55 IST" duration-ms="16176">
    <groups>
    </groups>
    <test started-at="2023-01-25T05:35:38 IST" name="Default test" finished-at="2023-01-25T05:35:55 IST" duration-ms="16176">
      <class name="excel.NewTest">
        <test-method is-config="true" signature="beforeClass()[pri:0, instance:excel.NewTest@1d96d872]" started-at="2023-01-25T05:35:39 IST" name="beforeClass" finished-at="2023-01-25T05:35:39 IST" duration-ms="16" status="PASS">
          <reporter-output>
          </reporter-output>
        </test-method> <!-- beforeClass -->
        <test-method signature="test1()[pri:0, instance:excel.NewTest@1d96d872]" started-at="2023-01-25T05:35:39 IST" name="test1" finished-at="2023-01-25T05:35:53 IST" duration-ms="14306" status="PASS">
          <reporter-output>
          </reporter-output>
        </test-method> <!-- test1 -->
        <test-method signature="test2()[pri:0, instance:excel.NewTest@1d96d872]" started-at="2023-01-25T05:35:53 IST" name="test2" finished-at="2023-01-25T05:35:55 IST" duration-ms="1649" status="PASS">
          <reporter-output>
          </reporter-output>
        </test-method> <!-- test2 -->
        <test-method is-config="true" signature="afterClass()[pri:0, instance:excel.NewTest@1d96d872]" started-at="2023-01-25T05:35:55 IST" name="afterClass" finished-at="2023-01-25T05:35:55 IST" duration-ms="0" status="PASS">
          <reporter-output>
          </reporter-output>
        </test-method> <!-- afterClass -->
      </class> <!-- excel.NewTest -->
    </test> <!-- Default test -->
  </suite> <!-- Default suite -->
</testng-results>
